<?xml version="1.0" encoding="UTF-8"?>
<!-- Generated by org.testng.reporters.JUnitReportReporter -->
<testsuite hostname="DESKTOP-HD79JGD" failures="0" tests="1" name="tests.LoginTest" time="0.491" errors="0" timestamp="2022-03-31T15:52:32 IST" skipped="0">
  <testcase classname="tests.LoginTest" name="login" time="0.491"/>
  <system-out/>
</testsuite> <!-- tests.LoginTest -->
